<?xml version="1.0" encoding="UTF-8"?>
<testng-results ignored="0" total="1" passed="1" failed="0" skipped="0">
  <reporter-output>
  </reporter-output>
  <suite started-at="2022-03-03T09:43:10 ART" name="Surefire suite" finished-at="2022-03-03T09:43:10 ART" duration-ms="230">
    <groups>
    </groups>
    <test started-at="2022-03-03T09:43:10 ART" name="Surefire test" finished-at="2022-03-03T09:43:10 ART" duration-ms="230">
      <class name="com.Selenium.Automationjava.AppTest">
        <test-method signature="shouldAnswerWithTrue()" started-at="2022-03-03T09:43:10 ART" name="shouldAnswerWithTrue" finished-at="2022-03-03T09:43:10 ART" duration-ms="8" status="PASS">
          <reporter-output>
          </reporter-output>
        </test-method> <!-- shouldAnswerWithTrue -->
      </class> <!-- com.Selenium.Automationjava.AppTest -->
    </test> <!-- Surefire test -->
  </suite> <!-- Surefire suite -->
</testng-results>
