<?xml version="1.0" encoding="UTF-8"?>
<!-- Generated by org.testng.reporters.JUnitXMLReporter -->
<testsuite ignored="0" hostname="DESKTOP-3AAGA7O" failures="0" tests="3" name="Default test" time="108.96" errors="0" timestamp="2022-02-28T17:52:48 ART">
  <testcase classname="DespegarTest3" name="ValidarViajesDespegar" time="38.876"/>
  <testcase classname="DespegarTest3" name="ValidarViajesDespegar" time="35.516"/>
  <testcase classname="DespegarTest3" name="ValidarViajesDespegar" time="34.511"/>
</testsuite> <!-- Default test -->
